[15:59:46] [main/INFO]: Loading Minecraft 1.20.1 with Fabric Loader 0.15.11
[15:59:46] [main/INFO]: Loading 45 mods:
	- fabric-api 0.92.0+1.20.1
	   |-- fabric-api-base 0.4.31+1802ada577
	   |-- fabric-api-lookup-api-v1 1.6.36+1802ada577
	   |-- fabric-biome-api-v1 13.0.13+1802ada577
	   |-- fabric-block-api-v1 1.0.11+1802ada577
	   |-- fabric-block-view-api-v2 1.0.1+1802ada577
	   |-- fabric-blockrenderlayer-v1 1.1.41+1802ada577
	   |-- fabric-client-tags-api-v1 1.1.2+1802ada577
	   |-- fabric-command-api-v1 1.2.34+f71b366f77
	   |-- fabric-command-api-v2 2.2.13+1802ada577
	   |-- fabric-commands-v0 0.2.51+df3654b377
	   |-- fabric-containers-v0 0.1.64+df3654b377
	   |-- fabric-content-registries-v0 4.0.11+1802ada577
	   |-- fabric-convention-tags-v1 1.5.5+1802ada577
	   |-- fabric-crash-report-info-v1 0.2.19+1802ada577
	   |-- fabric-data-attachment-api-v1 1.0.0+de0fd6d177
	   |-- fabric-data-generation-api-v1 12.3.4+1802ada577
	   |-- fabric-dimensions-v1 2.1.54+1802ada577
	   |-- fabric-entity-events-v1 1.6.0+1c78457f77
	   |-- fabric-events-interaction-v0 0.6.2+1802ada577
	   |-- fabric-events-lifecycle-v0 0.2.63+df3654b377
	   |-- fabric-game-rule-api-v1 1.0.40+1802ada577
	   |-- fabric-item-api-v1 2.1.28+1802ada577
	   |-- fabric-item-group-api-v1 4.0.12+1802ada577
	   |-- fabric-key-binding-api-v1 1.0.37+1802ada577
	   |-- fabric-keybindings-v0 0.2.35+df3654b377
	   |-- fabric-lifecycle-events-v1 2.2.22+1802ada577
	   |-- fabric-loot-api-v2 1.2.1+1802ada577
	   |-- fabric-loot-tables-v1 1.1.45+9e7660c677
	   |-- fabric-message-api-v1 5.1.9+1802ada577
	   |-- fabric-mining-level-api-v1 2.1.50+1802ada577
	   |-- fabric-model-loading-api-v1 1.0.3+1802ada577
	   |-- fabric-models-v0 0.4.2+9386d8a777
	   |-- fabric-networking-api-v1 1.3.11+1802ada577
	   |-- fabric-networking-v0 0.3.51+df3654b377
	   |-- fabric-object-builder-api-v1 11.1.3+1802ada577
	   |-- fabric-particles-v1 1.1.2+1802ada577
	   |-- fabric-recipe-api-v1 1.0.21+1802ada577
	   |-- fabric-registry-sync-v0 2.3.3+1802ada577
	   |-- fabric-renderer-api-v1 3.2.1+1802ada577
	   |-- fabric-renderer-indigo 1.5.1+1802ada577
	   |-- fabric-renderer-registries-v1 3.2.46+df3654b377
	   |-- fabric-rendering-data-attachment-v1 0.3.37+92a0d36777
	   |-- fabric-rendering-fluids-v1 3.0.28+1802ada577
	   |-- fabric-rendering-v0 1.1.49+df3654b377
	   |-- fabric-rendering-v1 3.0.8+1802ada577
	   |-- fabric-resource-conditions-api-v1 2.3.8+1802ada577
	   |-- fabric-resource-loader-v0 0.11.10+1802ada577
	   |-- fabric-screen-api-v1 2.0.8+1802ada577
	   |-- fabric-screen-handler-api-v1 1.3.30+1802ada577
	   |-- fabric-sound-api-v1 1.0.13+1802ada577
	   |-- fabric-transfer-api-v1 3.3.4+1802ada577
	   \-- fabric-transitive-access-wideners-v1 4.3.1+1802ada577
	- fabricloader 0.15.11
	   \-- mixinextras 0.3.5
	- java 21
	- minecraft 1.20.1
	- waypoints_compass 1.0.0
[15:59:46] [main/INFO]: SpongePowered MIXIN Subsystem Version=0.8.5 Source=file:/data/libraries/net/fabricmc/sponge-mixin/0.13.3+mixin.0.8.5/sponge-mixin-0.13.3+mixin.0.8.5.jar Service=Knot/Fabric Env=SERVER
[15:59:46] [main/INFO]: Compatibility level set to JAVA_16
[15:59:46] [main/INFO]: Compatibility level set to JAVA_17
[15:59:47] [main/INFO]: Initializing MixinExtras via com.llamalad7.mixinextras.service.MixinExtrasServiceImpl(version=0.3.5).
[15:59:50] [main/INFO]: Waypoints & Compass mod initializing…
[15:59:50] [main/INFO]: Environment: authHost='https://authserver.mojang.com', accountsHost='https://api.mojang.com', sessionHost='https://sessionserver.mojang.com', servicesHost='https://api.minecraftservices.com', name='PROD'
[15:59:51] [main/INFO]: Loaded 7 recipes
[15:59:51] [main/INFO]: Loaded 1271 advancements
[15:59:51] [main/INFO]: Applied 0 biome modifications to 0 of 64 new biomes in 629.6 μs
[15:59:51] [Server thread/INFO]: Starting minecraft server version 1.20.1
[15:59:51] [Server thread/INFO]: Loading properties
[15:59:51] [Server thread/INFO]: Default game type: SURVIVAL
[15:59:51] [Server thread/INFO]: Generating keypair
[15:59:51] [Server thread/INFO]: Starting Minecraft server on *:25565
[15:59:51] [Server thread/INFO]: Using epoll channel type
[15:59:51] [Server thread/INFO]: Preparing level "world"
[15:59:57] [Server thread/INFO]: Preparing start region for dimension minecraft:overworld
[15:59:57] [Worker-Main-1/INFO]: Preparing spawn area: 0%
[15:59:58] [Worker-Main-1/INFO]: Preparing spawn area: 0%
[15:59:58] [Worker-Main-1/INFO]: Preparing spawn area: 0%
[15:59:59] [Worker-Main-1/INFO]: Preparing spawn area: 0%
[15:59:59] [Worker-Main-1/INFO]: Preparing spawn area: 0%
[16:00:00] [Worker-Main-1/INFO]: Preparing spawn area: 0%
[16:00:00] [Worker-Main-1/INFO]: Preparing spawn area: 0%
[16:00:01] [Worker-Main-1/INFO]: Preparing spawn area: 0%
[16:00:01] [Worker-Main-1/INFO]: Preparing spawn area: 0%
[16:00:02] [Worker-Main-1/INFO]: Preparing spawn area: 0%
[16:00:02] [Worker-Main-1/INFO]: Preparing spawn area: 0%
[16:00:03] [Worker-Main-1/INFO]: Preparing spawn area: 0%
[16:00:03] [Worker-Main-1/INFO]: Preparing spawn area: 0%
[16:00:04] [Worker-Main-1/INFO]: Preparing spawn area: 0%
[16:00:04] [Worker-Main-1/INFO]: Preparing spawn area: 0%
[16:00:05] [Worker-Main-1/INFO]: Preparing spawn area: 0%
[16:00:05] [Worker-Main-1/INFO]: Preparing spawn area: 0%
[16:00:06] [Worker-Main-1/INFO]: Preparing spawn area: 0%
[16:00:06] [Worker-Main-1/INFO]: Preparing spawn area: 0%
[16:00:07] [Worker-Main-1/INFO]: Preparing spawn area: 0%
[16:00:07] [Worker-Main-1/INFO]: Preparing spawn area: 0%
[16:00:08] [Worker-Main-1/INFO]: Preparing spawn area: 0%
[16:00:08] [Worker-Main-1/INFO]: Preparing spawn area: 0%
[16:00:09] [Worker-Main-1/INFO]: Preparing spawn area: 0%
[16:00:09] [Worker-Main-1/INFO]: Preparing spawn area: 0%
[16:00:10] [Worker-Main-1/INFO]: Preparing spawn area: 0%
[16:00:10] [Worker-Main-1/INFO]: Preparing spawn area: 0%
[16:00:11] [Worker-Main-1/INFO]: Preparing spawn area: 0%
[16:00:11] [Worker-Main-1/INFO]: Preparing spawn area: 0%
[16:00:12] [Worker-Main-1/INFO]: Preparing spawn area: 0%
[16:00:12] [Worker-Main-1/INFO]: Preparing spawn area: 0%
[16:00:13] [Worker-Main-1/INFO]: Preparing spawn area: 0%
[16:00:13] [Worker-Main-1/INFO]: Preparing spawn area: 0%
[16:00:14] [Worker-Main-1/INFO]: Preparing spawn area: 0%
[16:00:14] [Worker-Main-1/INFO]: Preparing spawn area: 0%
[16:00:15] [Worker-Main-1/INFO]: Preparing spawn area: 0%
[16:00:15] [Worker-Main-1/INFO]: Preparing spawn area: 0%
[16:00:16] [Worker-Main-1/INFO]: Preparing spawn area: 0%
[16:00:16] [Worker-Main-1/INFO]: Preparing spawn area: 0%
[16:00:17] [Worker-Main-1/INFO]: Preparing spawn area: 0%
[16:00:17] [Worker-Main-1/INFO]: Preparing spawn area: 0%
[16:00:18] [Worker-Main-1/INFO]: Preparing spawn area: 0%
[16:00:18] [Worker-Main-1/INFO]: Preparing spawn area: 0%
[16:00:19] [Worker-Main-1/INFO]: Preparing spawn area: 0%
[16:00:19] [Worker-Main-1/INFO]: Preparing spawn area: 0%
[16:00:20] [Worker-Main-1/INFO]: Preparing spawn area: 0%
[16:00:20] [Worker-Main-1/INFO]: Preparing spawn area: 0%
[16:00:21] [Worker-Main-1/INFO]: Preparing spawn area: 4%
[16:00:21] [Worker-Main-1/INFO]: Preparing spawn area: 68%
[16:00:22] [Server thread/INFO]: Time elapsed: 24540 ms
[16:00:22] [Server thread/INFO]: Done (30.214s)! For help, type "help"
[16:00:22] [Server thread/INFO]: Starting remote control listener
[16:00:22] [Server thread/INFO]: Thread RCON Listener started
[16:00:22] [Server thread/INFO]: RCON running on 0.0.0.0:25575
[16:00:22] [Server thread/INFO]: WaypointStore and CompassTracker ready
